<?xml version="1.0" encoding="UTF-8"?>
<testsuite name="com.bandtec.finfamily.FinfamilyApplicationTests" tests="1" skipped="0" failures="0" errors="0" timestamp="2020-04-05T00:34:30" hostname="Thiago-Kuhl" time="0.119">
  <properties/>
  <testcase name="randomString()" classname="com.bandtec.finfamily.FinfamilyApplicationTests" time="0.119"/>
  <system-out><![CDATA[21:34:21.175 [Test worker] DEBUG org.springframework.test.context.BootstrapUtils - Instantiating CacheAwareContextLoaderDelegate from class [org.springframework.test.context.cache.DefaultCacheAwareContextLoaderDelegate]
21:34:21.190 [Test worker] DEBUG org.springframework.test.context.BootstrapUtils - Instantiating BootstrapContext using constructor [public org.springframework.test.context.support.DefaultBootstrapContext(java.lang.Class,org.springframework.test.context.CacheAwareContextLoaderDelegate)]
21:34:21.223 [Test worker] DEBUG org.springframework.test.context.BootstrapUtils - Instantiating TestContextBootstrapper for test class [com.bandtec.finfamily.FinfamilyApplicationTests] from class [org.springframework.boot.test.context.SpringBootTestContextBootstrapper]
21:34:21.248 [Test worker] INFO org.springframework.boot.test.context.SpringBootTestContextBootstrapper - Neither @ContextConfiguration nor @ContextHierarchy found for test class [com.bandtec.finfamily.FinfamilyApplicationTests], using SpringBootContextLoader
21:34:21.252 [Test worker] DEBUG org.springframework.test.context.support.AbstractContextLoader - Did not detect default resource location for test class [com.bandtec.finfamily.FinfamilyApplicationTests]: class path resource [com/bandtec/finfamily/FinfamilyApplicationTests-context.xml] does not exist
21:34:21.253 [Test worker] DEBUG org.springframework.test.context.support.AbstractContextLoader - Did not detect default resource location for test class [com.bandtec.finfamily.FinfamilyApplicationTests]: class path resource [com/bandtec/finfamily/FinfamilyApplicationTestsContext.groovy] does not exist
21:34:21.253 [Test worker] INFO org.springframework.test.context.support.AbstractContextLoader - Could not detect default resource locations for test class [com.bandtec.finfamily.FinfamilyApplicationTests]: no resource found for suffixes {-context.xml, Context.groovy}.
21:34:21.254 [Test worker] INFO org.springframework.test.context.support.AnnotationConfigContextLoaderUtils - Could not detect default configuration classes for test class [com.bandtec.finfamily.FinfamilyApplicationTests]: FinfamilyApplicationTests does not declare any static, non-private, non-final, nested classes annotated with @Configuration.
21:34:21.298 [Test worker] DEBUG org.springframework.test.context.support.ActiveProfilesUtils - Could not find an 'annotation declaring class' for annotation type [org.springframework.test.context.ActiveProfiles] and class [com.bandtec.finfamily.FinfamilyApplicationTests]
21:34:21.391 [Test worker] DEBUG org.springframework.context.annotation.ClassPathScanningCandidateComponentProvider - Identified candidate component class: file [/home/thiagok/code/kotlin/fin-family-backend/build/classes/kotlin/main/com/bandtec/finfamily/FinfamilyApplication.class]
21:34:21.393 [Test worker] INFO org.springframework.boot.test.context.SpringBootTestContextBootstrapper - Found @SpringBootConfiguration com.bandtec.finfamily.FinfamilyApplication for test class com.bandtec.finfamily.FinfamilyApplicationTests
21:34:21.547 [Test worker] DEBUG org.springframework.boot.test.context.SpringBootTestContextBootstrapper - @TestExecutionListeners is not present for class [com.bandtec.finfamily.FinfamilyApplicationTests]: using defaults.
21:34:21.548 [Test worker] INFO org.springframework.boot.test.context.SpringBootTestContextBootstrapper - Loaded default TestExecutionListener class names from location [META-INF/spring.factories]: [org.springframework.boot.test.autoconfigure.restdocs.RestDocsTestExecutionListener, org.springframework.boot.test.autoconfigure.web.client.MockRestServiceServerResetTestExecutionListener, org.springframework.boot.test.autoconfigure.web.servlet.MockMvcPrintOnlyOnFailureTestExecutionListener, org.springframework.boot.test.autoconfigure.web.servlet.WebDriverTestExecutionListener, org.springframework.boot.test.mock.mockito.MockitoTestExecutionListener, org.springframework.boot.test.mock.mockito.ResetMocksTestExecutionListener, org.springframework.test.context.web.ServletTestExecutionListener, org.springframework.test.context.support.DirtiesContextBeforeModesTestExecutionListener, org.springframework.test.context.support.DependencyInjectionTestExecutionListener, org.springframework.test.context.support.DirtiesContextTestExecutionListener, org.springframework.test.context.transaction.TransactionalTestExecutionListener, org.springframework.test.context.jdbc.SqlScriptsTestExecutionListener, org.springframework.test.context.event.EventPublishingTestExecutionListener]
21:34:21.569 [Test worker] INFO org.springframework.boot.test.context.SpringBootTestContextBootstrapper - Using TestExecutionListeners: [org.springframework.test.context.web.ServletTestExecutionListener@13183166, org.springframework.test.context.support.DirtiesContextBeforeModesTestExecutionListener@1c57d5a4, org.springframework.boot.test.mock.mockito.MockitoTestExecutionListener@56ad9dfe, org.springframework.boot.test.autoconfigure.SpringBootDependencyInjectionTestExecutionListener@571163b9, org.springframework.test.context.support.DirtiesContextTestExecutionListener@5d0fb3c, org.springframework.test.context.transaction.TransactionalTestExecutionListener@2788f4d7, org.springframework.test.context.jdbc.SqlScriptsTestExecutionListener@1d70cfb5, org.springframework.test.context.event.EventPublishingTestExecutionListener@41a06b09, org.springframework.boot.test.autoconfigure.restdocs.RestDocsTestExecutionListener@432b611a, org.springframework.boot.test.autoconfigure.web.client.MockRestServiceServerResetTestExecutionListener@23e50be4, org.springframework.boot.test.autoconfigure.web.servlet.MockMvcPrintOnlyOnFailureTestExecutionListener@3873754a, org.springframework.boot.test.autoconfigure.web.servlet.WebDriverTestExecutionListener@7a49a96e, org.springframework.boot.test.mock.mockito.ResetMocksTestExecutionListener@6272248c]
21:34:21.579 [Test worker] DEBUG org.springframework.test.context.support.AbstractDirtiesContextTestExecutionListener - Before test class: context [DefaultTestContext@47677bfa testClass = FinfamilyApplicationTests, testInstance = [null], testMethod = [null], testException = [null], mergedContextConfiguration = [WebMergedContextConfiguration@5a6fb949 testClass = FinfamilyApplicationTests, locations = '{}', classes = '{class com.bandtec.finfamily.FinfamilyApplication}', contextInitializerClasses = '[]', activeProfiles = '{}', propertySourceLocations = '{}', propertySourceProperties = '{org.springframework.boot.test.context.SpringBootTestContextBootstrapper=true}', contextCustomizers = set[org.springframework.boot.test.autoconfigure.properties.PropertyMappingContextCustomizer@0, org.springframework.boot.test.autoconfigure.web.servlet.WebDriverContextCustomizerFactory$Customizer@15b476ee, org.springframework.boot.test.context.filter.ExcludeFilterContextCustomizer@77188e01, org.springframework.boot.test.json.DuplicateJsonObjectContextCustomizerFactory$DuplicateJsonObjectContextCustomizer@5bcaed58, org.springframework.boot.test.mock.mockito.MockitoContextCustomizer@0, org.springframework.boot.test.web.client.TestRestTemplateContextCustomizer@2b218943], resourceBasePath = 'src/main/webapp', contextLoader = 'org.springframework.boot.test.context.SpringBootContextLoader', parent = [null]], attributes = map['org.springframework.test.context.web.ServletTestExecutionListener.activateListener' -> true]], class annotated with @DirtiesContext [false] with mode [null].
21:34:21.621 [Test worker] DEBUG org.springframework.test.context.support.TestPropertySourceUtils - Adding inlined properties to environment: {spring.jmx.enabled=false, org.springframework.boot.test.context.SpringBootTestContextBootstrapper=true, server.port=-1}

  .   ____          _            __ _ _
 /\\ / ___'_ __ _ _(_)_ __  __ _ \ \ \ \
( ( )\___ | '_ | '_| | '_ \/ _` | \ \ \ \
 \\/  ___)| |_)| | | | | || (_| |  ) ) ) )
  '  |____| .__|_| |_|_| |_\__, | / / / /
 =========|_|==============|___/=/_/_/_/
 :: Spring Boot ::        (v2.2.5.RELEASE)

2020-04-04 21:34:22.123  INFO 22975 --- [    Test worker] c.b.finfamily.FinfamilyApplicationTests  : Starting FinfamilyApplicationTests on Thiago-Kuhl with PID 22975 (started by thiagok in /home/thiagok/code/kotlin/fin-family-backend)
2020-04-04 21:34:22.125  INFO 22975 --- [    Test worker] c.b.finfamily.FinfamilyApplicationTests  : No active profile set, falling back to default profiles: default
2020-04-04 21:34:22.686  WARN 22975 --- [kground-preinit] o.s.h.c.j.Jackson2ObjectMapperBuilder    : For Jackson Kotlin classes support please add "com.fasterxml.jackson.module:jackson-module-kotlin" to the classpath
2020-04-04 21:34:24.583  INFO 22975 --- [    Test worker] .s.d.r.c.RepositoryConfigurationDelegate : Bootstrapping Spring Data JPA repositories in DEFAULT mode.
2020-04-04 21:34:24.681  INFO 22975 --- [    Test worker] .s.d.r.c.RepositoryConfigurationDelegate : Finished Spring Data repository scanning in 85ms. Found 4 JPA repository interfaces.
2020-04-04 21:34:25.634  INFO 22975 --- [    Test worker] o.hibernate.jpa.internal.util.LogHelper  : HHH000204: Processing PersistenceUnitInfo [name: default]
2020-04-04 21:34:25.776  INFO 22975 --- [    Test worker] org.hibernate.Version                    : HHH000412: Hibernate ORM core version 5.4.12.Final
2020-04-04 21:34:25.999  INFO 22975 --- [    Test worker] o.hibernate.annotations.common.Version   : HCANN000001: Hibernate Commons Annotations {5.1.0.Final}
2020-04-04 21:34:26.033 DEBUG 22975 --- [    Test worker] org.hibernate.type.BasicTypeRegistry     : Adding type registration boolean -> org.hibernate.type.BooleanType@ed7d8f
2020-04-04 21:34:26.034 DEBUG 22975 --- [    Test worker] org.hibernate.type.BasicTypeRegistry     : Adding type registration boolean -> org.hibernate.type.BooleanType@ed7d8f
2020-04-04 21:34:26.034 DEBUG 22975 --- [    Test worker] org.hibernate.type.BasicTypeRegistry     : Adding type registration java.lang.Boolean -> org.hibernate.type.BooleanType@ed7d8f
2020-04-04 21:34:26.035 DEBUG 22975 --- [    Test worker] org.hibernate.type.BasicTypeRegistry     : Adding type registration numeric_boolean -> org.hibernate.type.NumericBooleanType@7940347
2020-04-04 21:34:26.036 DEBUG 22975 --- [    Test worker] org.hibernate.type.BasicTypeRegistry     : Adding type registration true_false -> org.hibernate.type.TrueFalseType@5bc37d25
2020-04-04 21:34:26.037 DEBUG 22975 --- [    Test worker] org.hibernate.type.BasicTypeRegistry     : Adding type registration yes_no -> org.hibernate.type.YesNoType@3a4134c
2020-04-04 21:34:26.039 DEBUG 22975 --- [    Test worker] org.hibernate.type.BasicTypeRegistry     : Adding type registration byte -> org.hibernate.type.ByteType@11ef8e39
2020-04-04 21:34:26.039 DEBUG 22975 --- [    Test worker] org.hibernate.type.BasicTypeRegistry     : Adding type registration byte -> org.hibernate.type.ByteType@11ef8e39
2020-04-04 21:34:26.039 DEBUG 22975 --- [    Test worker] org.hibernate.type.BasicTypeRegistry     : Adding type registration java.lang.Byte -> org.hibernate.type.ByteType@11ef8e39
2020-04-04 21:34:26.040 DEBUG 22975 --- [    Test worker] org.hibernate.type.BasicTypeRegistry     : Adding type registration character -> org.hibernate.type.CharacterType@4bab3fcb
2020-04-04 21:34:26.041 DEBUG 22975 --- [    Test worker] org.hibernate.type.BasicTypeRegistry     : Adding type registration char -> org.hibernate.type.CharacterType@4bab3fcb
2020-04-04 21:34:26.041 DEBUG 22975 --- [    Test worker] org.hibernate.type.BasicTypeRegistry     : Adding type registration java.lang.Character -> org.hibernate.type.CharacterType@4bab3fcb
2020-04-04 21:34:26.043 DEBUG 22975 --- [    Test worker] org.hibernate.type.BasicTypeRegistry     : Adding type registration short -> org.hibernate.type.ShortType@194aedc2
2020-04-04 21:34:26.043 DEBUG 22975 --- [    Test worker] org.hibernate.type.BasicTypeRegistry     : Adding type registration short -> org.hibernate.type.ShortType@194aedc2
2020-04-04 21:34:26.043 DEBUG 22975 --- [    Test worker] org.hibernate.type.BasicTypeRegistry     : Adding type registration java.lang.Short -> org.hibernate.type.ShortType@194aedc2
2020-04-04 21:34:26.045 DEBUG 22975 --- [    Test worker] org.hibernate.type.BasicTypeRegistry     : Adding type registration integer -> org.hibernate.type.IntegerType@7e6349e
2020-04-04 21:34:26.045 DEBUG 22975 --- [    Test worker] org.hibernate.type.BasicTypeRegistry     : Adding type registration int -> org.hibernate.type.IntegerType@7e6349e
2020-04-04 21:34:26.045 DEBUG 22975 --- [    Test worker] org.hibernate.type.BasicTypeRegistry     : Adding type registration java.lang.Integer -> org.hibernate.type.IntegerType@7e6349e
2020-04-04 21:34:26.056 DEBUG 22975 --- [    Test worker] org.hibernate.type.BasicTypeRegistry     : Adding type registration long -> org.hibernate.type.LongType@1f2db2a8
2020-04-04 21:34:26.057 DEBUG 22975 --- [    Test worker] org.hibernate.type.BasicTypeRegistry     : Adding type registration long -> org.hibernate.type.LongType@1f2db2a8
2020-04-04 21:34:26.057 DEBUG 22975 --- [    Test worker] org.hibernate.type.BasicTypeRegistry     : Adding type registration java.lang.Long -> org.hibernate.type.LongType@1f2db2a8
2020-04-04 21:34:26.068 DEBUG 22975 --- [    Test worker] org.hibernate.type.BasicTypeRegistry     : Adding type registration float -> org.hibernate.type.FloatType@771783fc
2020-04-04 21:34:26.069 DEBUG 22975 --- [    Test worker] org.hibernate.type.BasicTypeRegistry     : Adding type registration float -> org.hibernate.type.FloatType@771783fc
2020-04-04 21:34:26.069 DEBUG 22975 --- [    Test worker] org.hibernate.type.BasicTypeRegistry     : Adding type registration java.lang.Float -> org.hibernate.type.FloatType@771783fc
2020-04-04 21:34:26.070 DEBUG 22975 --- [    Test worker] org.hibernate.type.BasicTypeRegistry     : Adding type registration double -> org.hibernate.type.DoubleType@11d7d4e8
2020-04-04 21:34:26.071 DEBUG 22975 --- [    Test worker] org.hibernate.type.BasicTypeRegistry     : Adding type registration double -> org.hibernate.type.DoubleType@11d7d4e8
2020-04-04 21:34:26.071 DEBUG 22975 --- [    Test worker] org.hibernate.type.BasicTypeRegistry     : Adding type registration java.lang.Double -> org.hibernate.type.DoubleType@11d7d4e8
2020-04-04 21:34:26.072 DEBUG 22975 --- [    Test worker] org.hibernate.type.BasicTypeRegistry     : Adding type registration big_decimal -> org.hibernate.type.BigDecimalType@1d44c20a
2020-04-04 21:34:26.073 DEBUG 22975 --- [    Test worker] org.hibernate.type.BasicTypeRegistry     : Adding type registration java.math.BigDecimal -> org.hibernate.type.BigDecimalType@1d44c20a
2020-04-04 21:34:26.074 DEBUG 22975 --- [    Test worker] org.hibernate.type.BasicTypeRegistry     : Adding type registration big_integer -> org.hibernate.type.BigIntegerType@7bf0dec0
2020-04-04 21:34:26.075 DEBUG 22975 --- [    Test worker] org.hibernate.type.BasicTypeRegistry     : Adding type registration java.math.BigInteger -> org.hibernate.type.BigIntegerType@7bf0dec0
2020-04-04 21:34:26.076 DEBUG 22975 --- [    Test worker] org.hibernate.type.BasicTypeRegistry     : Adding type registration string -> org.hibernate.type.StringType@4369720
2020-04-04 21:34:26.077 DEBUG 22975 --- [    Test worker] org.hibernate.type.BasicTypeRegistry     : Adding type registration java.lang.String -> org.hibernate.type.StringType@4369720
2020-04-04 21:34:26.078 DEBUG 22975 --- [    Test worker] org.hibernate.type.BasicTypeRegistry     : Adding type registration nstring -> org.hibernate.type.StringNVarcharType@1e7fe182
2020-04-04 21:34:26.084 DEBUG 22975 --- [    Test worker] org.hibernate.type.BasicTypeRegistry     : Adding type registration ncharacter -> org.hibernate.type.CharacterNCharType@6dd7f071
2020-04-04 21:34:26.088 DEBUG 22975 --- [    Test worker] org.hibernate.type.BasicTypeRegistry     : Adding type registration url -> org.hibernate.type.UrlType@5c366529
2020-04-04 21:34:26.089 DEBUG 22975 --- [    Test worker] org.hibernate.type.BasicTypeRegistry     : Adding type registration java.net.URL -> org.hibernate.type.UrlType@5c366529
2020-04-04 21:34:26.093 DEBUG 22975 --- [    Test worker] org.hibernate.type.BasicTypeRegistry     : Adding type registration Duration -> org.hibernate.type.DurationType@467da6dd
2020-04-04 21:34:26.094 DEBUG 22975 --- [    Test worker] org.hibernate.type.BasicTypeRegistry     : Adding type registration java.time.Duration -> org.hibernate.type.DurationType@467da6dd
2020-04-04 21:34:26.100 DEBUG 22975 --- [    Test worker] org.hibernate.type.BasicTypeRegistry     : Adding type registration Instant -> org.hibernate.type.InstantType@4d53885b
2020-04-04 21:34:26.100 DEBUG 22975 --- [    Test worker] org.hibernate.type.BasicTypeRegistry     : Adding type registration java.time.Instant -> org.hibernate.type.InstantType@4d53885b
2020-04-04 21:34:26.103 DEBUG 22975 --- [    Test worker] org.hibernate.type.BasicTypeRegistry     : Adding type registration LocalDateTime -> org.hibernate.type.LocalDateTimeType@1c2aa569
2020-04-04 21:34:26.104 DEBUG 22975 --- [    Test worker] org.hibernate.type.BasicTypeRegistry     : Adding type registration java.time.LocalDateTime -> org.hibernate.type.LocalDateTimeType@1c2aa569
2020-04-04 21:34:26.107 DEBUG 22975 --- [    Test worker] org.hibernate.type.BasicTypeRegistry     : Adding type registration LocalDate -> org.hibernate.type.LocalDateType@4fa9256a
2020-04-04 21:34:26.107 DEBUG 22975 --- [    Test worker] org.hibernate.type.BasicTypeRegistry     : Adding type registration java.time.LocalDate -> org.hibernate.type.LocalDateType@4fa9256a
2020-04-04 21:34:26.111 DEBUG 22975 --- [    Test worker] org.hibernate.type.BasicTypeRegistry     : Adding type registration LocalTime -> org.hibernate.type.LocalTimeType@2380945
2020-04-04 21:34:26.111 DEBUG 22975 --- [    Test worker] org.hibernate.type.BasicTypeRegistry     : Adding type registration java.time.LocalTime -> org.hibernate.type.LocalTimeType@2380945
2020-04-04 21:34:26.120 DEBUG 22975 --- [    Test worker] org.hibernate.type.BasicTypeRegistry     : Adding type registration OffsetDateTime -> org.hibernate.type.OffsetDateTimeType@4fc34412
2020-04-04 21:34:26.121 DEBUG 22975 --- [    Test worker] org.hibernate.type.BasicTypeRegistry     : Adding type registration java.time.OffsetDateTime -> org.hibernate.type.OffsetDateTimeType@4fc34412
2020-04-04 21:34:26.136 DEBUG 22975 --- [    Test worker] org.hibernate.type.BasicTypeRegistry     : Adding type registration OffsetTime -> org.hibernate.type.OffsetTimeType@667b9b77
2020-04-04 21:34:26.145 DEBUG 22975 --- [    Test worker] org.hibernate.type.BasicTypeRegistry     : Adding type registration java.time.OffsetTime -> org.hibernate.type.OffsetTimeType@667b9b77
2020-04-04 21:34:26.154 DEBUG 22975 --- [    Test worker] org.hibernate.type.BasicTypeRegistry     : Adding type registration ZonedDateTime -> org.hibernate.type.ZonedDateTimeType@e39980
2020-04-04 21:34:26.164 DEBUG 22975 --- [    Test worker] org.hibernate.type.BasicTypeRegistry     : Adding type registration java.time.ZonedDateTime -> org.hibernate.type.ZonedDateTimeType@e39980
2020-04-04 21:34:26.167 DEBUG 22975 --- [    Test worker] org.hibernate.type.BasicTypeRegistry     : Adding type registration date -> org.hibernate.type.DateType@51897cb
2020-04-04 21:34:26.167 DEBUG 22975 --- [    Test worker] org.hibernate.type.BasicTypeRegistry     : Adding type registration java.sql.Date -> org.hibernate.type.DateType@51897cb
2020-04-04 21:34:26.169 DEBUG 22975 --- [    Test worker] org.hibernate.type.BasicTypeRegistry     : Adding type registration time -> org.hibernate.type.TimeType@18e0e11d
2020-04-04 21:34:26.170 DEBUG 22975 --- [    Test worker] org.hibernate.type.BasicTypeRegistry     : Adding type registration java.sql.Time -> org.hibernate.type.TimeType@18e0e11d
2020-04-04 21:34:26.173 DEBUG 22975 --- [    Test worker] org.hibernate.type.BasicTypeRegistry     : Adding type registration timestamp -> org.hibernate.type.TimestampType@487651be
2020-04-04 21:34:26.173 DEBUG 22975 --- [    Test worker] org.hibernate.type.BasicTypeRegistry     : Adding type registration java.sql.Timestamp -> org.hibernate.type.TimestampType@487651be
2020-04-04 21:34:26.174 DEBUG 22975 --- [    Test worker] org.hibernate.type.BasicTypeRegistry     : Adding type registration java.util.Date -> org.hibernate.type.TimestampType@487651be
2020-04-04 21:34:26.177 DEBUG 22975 --- [    Test worker] org.hibernate.type.BasicTypeRegistry     : Adding type registration dbtimestamp -> org.hibernate.type.DbTimestampType@1c57876
2020-04-04 21:34:26.179 DEBUG 22975 --- [    Test worker] org.hibernate.type.BasicTypeRegistry     : Adding type registration calendar -> org.hibernate.type.CalendarType@795428cf
2020-04-04 21:34:26.179 DEBUG 22975 --- [    Test worker] org.hibernate.type.BasicTypeRegistry     : Adding type registration java.util.Calendar -> org.hibernate.type.CalendarType@795428cf
2020-04-04 21:34:26.180 DEBUG 22975 --- [    Test worker] org.hibernate.type.BasicTypeRegistry     : Adding type registration java.util.GregorianCalendar -> org.hibernate.type.CalendarType@795428cf
2020-04-04 21:34:26.181 DEBUG 22975 --- [    Test worker] org.hibernate.type.BasicTypeRegistry     : Adding type registration calendar_date -> org.hibernate.type.CalendarDateType@3d301750
2020-04-04 21:34:26.183 DEBUG 22975 --- [    Test worker] org.hibernate.type.BasicTypeRegistry     : Adding type registration calendar_time -> org.hibernate.type.CalendarTimeType@599a1d47
2020-04-04 21:34:26.185 DEBUG 22975 --- [    Test worker] org.hibernate.type.BasicTypeRegistry     : Adding type registration locale -> org.hibernate.type.LocaleType@37a8e5ff
2020-04-04 21:34:26.185 DEBUG 22975 --- [    Test worker] org.hibernate.type.BasicTypeRegistry     : Adding type registration java.util.Locale -> org.hibernate.type.LocaleType@37a8e5ff
2020-04-04 21:34:26.187 DEBUG 22975 --- [    Test worker] org.hibernate.type.BasicTypeRegistry     : Adding type registration currency -> org.hibernate.type.CurrencyType@6cfe5ced
2020-04-04 21:34:26.187 DEBUG 22975 --- [    Test worker] org.hibernate.type.BasicTypeRegistry     : Adding type registration java.util.Currency -> org.hibernate.type.CurrencyType@6cfe5ced
2020-04-04 21:34:26.190 DEBUG 22975 --- [    Test worker] org.hibernate.type.BasicTypeRegistry     : Adding type registration timezone -> org.hibernate.type.TimeZoneType@7bd8a0b1
2020-04-04 21:34:26.190 DEBUG 22975 --- [    Test worker] org.hibernate.type.BasicTypeRegistry     : Adding type registration java.util.TimeZone -> org.hibernate.type.TimeZoneType@7bd8a0b1
2020-04-04 21:34:26.193 DEBUG 22975 --- [    Test worker] org.hibernate.type.BasicTypeRegistry     : Adding type registration class -> org.hibernate.type.ClassType@207c6409
2020-04-04 21:34:26.194 DEBUG 22975 --- [    Test worker] org.hibernate.type.BasicTypeRegistry     : Adding type registration java.lang.Class -> org.hibernate.type.ClassType@207c6409
2020-04-04 21:34:26.197 DEBUG 22975 --- [    Test worker] org.hibernate.type.BasicTypeRegistry     : Adding type registration uuid-binary -> org.hibernate.type.UUIDBinaryType@6b49c2f2
2020-04-04 21:34:26.197 DEBUG 22975 --- [    Test worker] org.hibernate.type.BasicTypeRegistry     : Adding type registration java.util.UUID -> org.hibernate.type.UUIDBinaryType@6b49c2f2
2020-04-04 21:34:26.199 DEBUG 22975 --- [    Test worker] org.hibernate.type.BasicTypeRegistry     : Adding type registration uuid-char -> org.hibernate.type.UUIDCharType@155faa61
2020-04-04 21:34:26.202 DEBUG 22975 --- [    Test worker] org.hibernate.type.BasicTypeRegistry     : Adding type registration binary -> org.hibernate.type.BinaryType@434b8cec
2020-04-04 21:34:26.203 DEBUG 22975 --- [    Test worker] org.hibernate.type.BasicTypeRegistry     : Adding type registration byte[] -> org.hibernate.type.BinaryType@434b8cec
2020-04-04 21:34:26.204 DEBUG 22975 --- [    Test worker] org.hibernate.type.BasicTypeRegistry     : Adding type registration [B -> org.hibernate.type.BinaryType@434b8cec
2020-04-04 21:34:26.206 DEBUG 22975 --- [    Test worker] org.hibernate.type.BasicTypeRegistry     : Adding type registration wrapper-binary -> org.hibernate.type.WrapperBinaryType@2a19917f
2020-04-04 21:34:26.206 DEBUG 22975 --- [    Test worker] org.hibernate.type.BasicTypeRegistry     : Adding type registration Byte[] -> org.hibernate.type.WrapperBinaryType@2a19917f
2020-04-04 21:34:26.207 DEBUG 22975 --- [    Test worker] org.hibernate.type.BasicTypeRegistry     : Adding type registration [Ljava.lang.Byte; -> org.hibernate.type.WrapperBinaryType@2a19917f
2020-04-04 21:34:26.210 DEBUG 22975 --- [    Test worker] org.hibernate.type.BasicTypeRegistry     : Adding type registration row_version -> org.hibernate.type.RowVersionType@1ca6a616
2020-04-04 21:34:26.212 DEBUG 22975 --- [    Test worker] org.hibernate.type.BasicTypeRegistry     : Adding type registration image -> org.hibernate.type.ImageType@36e0fcad
2020-04-04 21:34:26.214 DEBUG 22975 --- [    Test worker] org.hibernate.type.BasicTypeRegistry     : Adding type registration characters -> org.hibernate.type.CharArrayType@397f755d
2020-04-04 21:34:26.215 DEBUG 22975 --- [    Test worker] org.hibernate.type.BasicTypeRegistry     : Adding type registration char[] -> org.hibernate.type.CharArrayType@397f755d
2020-04-04 21:34:26.215 DEBUG 22975 --- [    Test worker] org.hibernate.type.BasicTypeRegistry     : Adding type registration [C -> org.hibernate.type.CharArrayType@397f755d
2020-04-04 21:34:26.217 DEBUG 22975 --- [    Test worker] org.hibernate.type.BasicTypeRegistry     : Adding type registration wrapper-characters -> org.hibernate.type.CharacterArrayType@76f4235b
2020-04-04 21:34:26.217 DEBUG 22975 --- [    Test worker] org.hibernate.type.BasicTypeRegistry     : Adding type registration [Ljava.lang.Character; -> org.hibernate.type.CharacterArrayType@76f4235b
2020-04-04 21:34:26.217 DEBUG 22975 --- [    Test worker] org.hibernate.type.BasicTypeRegistry     : Adding type registration Character[] -> org.hibernate.type.CharacterArrayType@76f4235b
2020-04-04 21:34:26.218 DEBUG 22975 --- [    Test worker] org.hibernate.type.BasicTypeRegistry     : Adding type registration text -> org.hibernate.type.TextType@79e4fbb
2020-04-04 21:34:26.220 DEBUG 22975 --- [    Test worker] org.hibernate.type.BasicTypeRegistry     : Adding type registration ntext -> org.hibernate.type.NTextType@7e175381
2020-04-04 21:34:26.222 DEBUG 22975 --- [    Test worker] org.hibernate.type.BasicTypeRegistry     : Adding type registration blob -> org.hibernate.type.BlobType@441e61fa
2020-04-04 21:34:26.223 DEBUG 22975 --- [    Test worker] org.hibernate.type.BasicTypeRegistry     : Adding type registration java.sql.Blob -> org.hibernate.type.BlobType@441e61fa
2020-04-04 21:34:26.224 DEBUG 22975 --- [    Test worker] org.hibernate.type.BasicTypeRegistry     : Adding type registration materialized_blob -> org.hibernate.type.MaterializedBlobType@4a418dda
2020-04-04 21:34:26.226 DEBUG 22975 --- [    Test worker] org.hibernate.type.BasicTypeRegistry     : Adding type registration clob -> org.hibernate.type.ClobType@60d05af9
2020-04-04 21:34:26.226 DEBUG 22975 --- [    Test worker] org.hibernate.type.BasicTypeRegistry     : Adding type registration java.sql.Clob -> org.hibernate.type.ClobType@60d05af9
2020-04-04 21:34:26.228 DEBUG 22975 --- [    Test worker] org.hibernate.type.BasicTypeRegistry     : Adding type registration nclob -> org.hibernate.type.NClobType@4e877ceb
2020-04-04 21:34:26.228 DEBUG 22975 --- [    Test worker] org.hibernate.type.BasicTypeRegistry     : Adding type registration java.sql.NClob -> org.hibernate.type.NClobType@4e877ceb
2020-04-04 21:34:26.229 DEBUG 22975 --- [    Test worker] org.hibernate.type.BasicTypeRegistry     : Adding type registration materialized_clob -> org.hibernate.type.MaterializedClobType@63d860ba
2020-04-04 21:34:26.230 DEBUG 22975 --- [    Test worker] org.hibernate.type.BasicTypeRegistry     : Adding type registration materialized_nclob -> org.hibernate.type.MaterializedNClobType@7b38bfbd
2020-04-04 21:34:26.232 DEBUG 22975 --- [    Test worker] org.hibernate.type.BasicTypeRegistry     : Adding type registration serializable -> org.hibernate.type.SerializableType@735f8772
2020-04-04 21:34:26.236 DEBUG 22975 --- [    Test worker] org.hibernate.type.BasicTypeRegistry     : Adding type registration object -> org.hibernate.type.ObjectType@7fb87e
2020-04-04 21:34:26.236 DEBUG 22975 --- [    Test worker] org.hibernate.type.BasicTypeRegistry     : Adding type registration java.lang.Object -> org.hibernate.type.ObjectType@7fb87e
2020-04-04 21:34:26.237 DEBUG 22975 --- [    Test worker] org.hibernate.type.BasicTypeRegistry     : Adding type registration imm_date -> org.hibernate.type.AdaptedImmutableType@1eddc68
2020-04-04 21:34:26.237 DEBUG 22975 --- [    Test worker] org.hibernate.type.BasicTypeRegistry     : Adding type registration imm_time -> org.hibernate.type.AdaptedImmutableType@7c2c3863
2020-04-04 21:34:26.237 DEBUG 22975 --- [    Test worker] org.hibernate.type.BasicTypeRegistry     : Adding type registration imm_timestamp -> org.hibernate.type.AdaptedImmutableType@5449e8f7
2020-04-04 21:34:26.237 DEBUG 22975 --- [    Test worker] org.hibernate.type.BasicTypeRegistry     : Adding type registration imm_dbtimestamp -> org.hibernate.type.AdaptedImmutableType@1df4ee30
2020-04-04 21:34:26.237 DEBUG 22975 --- [    Test worker] org.hibernate.type.BasicTypeRegistry     : Adding type registration imm_calendar -> org.hibernate.type.AdaptedImmutableType@72156f7a
2020-04-04 21:34:26.237 DEBUG 22975 --- [    Test worker] org.hibernate.type.BasicTypeRegistry     : Adding type registration imm_calendar_date -> org.hibernate.type.AdaptedImmutableType@6f67ae7b
2020-04-04 21:34:26.238 DEBUG 22975 --- [    Test worker] org.hibernate.type.BasicTypeRegistry     : Adding type registration imm_binary -> org.hibernate.type.AdaptedImmutableType@7472ed30
2020-04-04 21:34:26.238 DEBUG 22975 --- [    Test worker] org.hibernate.type.BasicTypeRegistry     : Adding type registration imm_serializable -> org.hibernate.type.AdaptedImmutableType@4ecd18e0
2020-04-04 21:34:26.301  INFO 22975 --- [    Test worker] com.zaxxer.hikari.HikariDataSource       : HikariPool-1 - Starting...
2020-04-04 21:34:26.593  INFO 22975 --- [    Test worker] com.zaxxer.hikari.HikariDataSource       : HikariPool-1 - Start completed.
2020-04-04 21:34:26.635  INFO 22975 --- [    Test worker] org.hibernate.dialect.Dialect            : HHH000400: Using dialect: org.hibernate.dialect.SQLServer2012Dialect
2020-04-04 21:34:26.824 DEBUG 22975 --- [    Test worker] o.h.type.spi.TypeConfiguration$Scope     : Scoping TypeConfiguration [org.hibernate.type.spi.TypeConfiguration@2d2a1ee4] to MetadataBuildingContext [org.hibernate.boot.internal.MetadataBuildingContextRootImpl@592aff4c]
2020-04-04 21:34:27.178 DEBUG 22975 --- [    Test worker] o.h.type.spi.TypeConfiguration$Scope     : Scoping TypeConfiguration [org.hibernate.type.spi.TypeConfiguration@2d2a1ee4] to SessionFactoryImpl [org.hibernate.internal.SessionFactoryImpl@88fa323]
2020-04-04 21:34:27.443  INFO 22975 --- [    Test worker] o.h.e.t.j.p.i.JtaPlatformInitiator       : HHH000490: Using JtaPlatform implementation: [org.hibernate.engine.transaction.jta.platform.internal.NoJtaPlatform]
2020-04-04 21:34:27.523 TRACE 22975 --- [    Test worker] o.h.type.spi.TypeConfiguration$Scope     : Handling #sessionFactoryCreated from [org.hibernate.internal.SessionFactoryImpl@88fa323] for TypeConfiguration
2020-04-04 21:34:27.526  INFO 22975 --- [    Test worker] j.LocalContainerEntityManagerFactoryBean : Initialized JPA EntityManagerFactory for persistence unit 'default'
2020-04-04 21:34:29.077  INFO 22975 --- [    Test worker] pertySourcedRequestMappingHandlerMapping : Mapped URL path [/v2/api-docs] onto method [springfox.documentation.swagger2.web.Swagger2Controller#getDocumentation(String, HttpServletRequest)]
2020-04-04 21:34:29.419  WARN 22975 --- [    Test worker] JpaBaseConfiguration$JpaWebConfiguration : spring.jpa.open-in-view is enabled by default. Therefore, database queries may be performed during view rendering. Explicitly configure spring.jpa.open-in-view to disable this warning
2020-04-04 21:34:30.094  INFO 22975 --- [    Test worker] d.s.w.p.DocumentationPluginsBootstrapper : Context refreshed
2020-04-04 21:34:30.131  INFO 22975 --- [    Test worker] d.s.w.p.DocumentationPluginsBootstrapper : Found 1 custom documentation plugin(s)
2020-04-04 21:34:30.176  INFO 22975 --- [    Test worker] s.d.s.w.s.ApiListingReferenceScanner     : Scanning for api listing references
2020-04-04 21:34:30.574  INFO 22975 --- [    Test worker] c.b.finfamily.FinfamilyApplicationTests  : Started FinfamilyApplicationTests in 8.929 seconds (JVM running for 10.885)
FoNid
]]></system-out>
  <system-err><![CDATA[]]></system-err>
</testsuite>
